<?xml version="1.0" encoding="UTF-8"?>
<testng-results skipped="0" failed="0" ignored="0" total="2" passed="2">
  <reporter-output>
  </reporter-output>
  <suite name="Suite" duration-ms="83473" started-at="2018-11-28T14:44:34Z" finished-at="2018-11-28T14:45:58Z">
    <groups>
      <group name="cucumber">
        <method signature="AbstractTestNGCucumberTests.feature(cucumber.api.testng.CucumberFeatureWrapper)[pri:0, instance:com.orange.hrm.runner.runner@72d818d1]" name="feature" class="cucumber.api.testng.AbstractTestNGCucumberTests"/>
      </group> <!-- cucumber -->
    </groups>
    <test name="Test" duration-ms="83473" started-at="2018-11-28T14:44:34Z" finished-at="2018-11-28T14:45:58Z">
      <class name="com.orange.hrm.runner.runner">
        <test-method status="PASS" signature="setUpClass()[pri:0, instance:com.orange.hrm.runner.runner@72d818d1]" name="setUpClass" is-config="true" duration-ms="439" started-at="2018-11-28T20:14:34Z" finished-at="2018-11-28T20:14:35Z">
          <reporter-output>
          </reporter-output>
        </test-method> <!-- setUpClass -->
        <test-method status="PASS" signature="feature(cucumber.api.testng.CucumberFeatureWrapper)[pri:0, instance:com.orange.hrm.runner.runner@72d818d1]" name="feature" duration-ms="54353" started-at="2018-11-28T20:14:35Z" description="Runs Cucumber Feature" data-provider="features" finished-at="2018-11-28T20:15:29Z">
          <params>
            <param index="0">
              <value>
                <![CDATA[login to application]]>
              </value>
            </param>
          </params>
          <reporter-output>
          </reporter-output>
        </test-method> <!-- feature -->
        <test-method status="PASS" signature="feature(cucumber.api.testng.CucumberFeatureWrapper)[pri:0, instance:com.orange.hrm.runner.runner@72d818d1]" name="feature" duration-ms="28398" started-at="2018-11-28T20:15:29Z" description="Runs Cucumber Feature" data-provider="features" finished-at="2018-11-28T20:15:58Z">
          <params>
            <param index="0">
              <value>
                <![CDATA[logut to application]]>
              </value>
            </param>
          </params>
          <reporter-output>
          </reporter-output>
        </test-method> <!-- feature -->
        <test-method status="PASS" signature="tearDownClass()[pri:0, instance:com.orange.hrm.runner.runner@72d818d1]" name="tearDownClass" is-config="true" duration-ms="8" started-at="2018-11-28T20:15:58Z" finished-at="2018-11-28T20:15:58Z">
          <reporter-output>
          </reporter-output>
        </test-method> <!-- tearDownClass -->
      </class> <!-- com.orange.hrm.runner.runner -->
    </test> <!-- Test -->
  </suite> <!-- Suite -->
</testng-results>
